<?xml version="1.0" encoding="UTF-8"?>
<!-- Generated by org.testng.reporters.JUnitXMLReporter -->
<testsuite ignored="0" hostname="DESKTOP-I16IA9O" failures="0" tests="3" name="Surefire test" time="16.363" errors="0" timestamp="2024-01-01T18:10:50 EET">
  <testcase classname="com.qacart.todo.testcases.LoginTest" name="shouldBeAbleToLoginWithEmailAndPassword" time="2.216"/>
  <testcase classname="com.qacart.todo.testcases.ToDoTest" name="shouldBeAbleToAddNewTodo" time="2.752"/>
  <testcase classname="com.qacart.todo.testcases.ToDoTest" name="shouldBeAbleToDeleteTodo" time="4.63"/>
</testsuite> <!-- Surefire test -->
