<?xml version="1.0" encoding="UTF-8"?>
<testng-results ignored="0" total="3" passed="3" failed="0" skipped="0">
  <reporter-output>
  </reporter-output>
  <suite started-at="2024-01-01T18:10:34 EET" name="Surefire suite" finished-at="2024-01-01T18:10:50 EET" duration-ms="16363">
    <groups>
    </groups>
    <test started-at="2024-01-01T18:10:34 EET" name="Surefire test" finished-at="2024-01-01T18:10:50 EET" duration-ms="16363">
      <class name="com.qacart.todo.testcases.LoginTest">
        <test-method is-config="true" signature="setup()[pri:0, instance:com.qacart.todo.testcases.LoginTest@26a2f7f9]" started-at="2024-01-01T18:10:34 EET" name="setup" finished-at="2024-01-01T18:10:40 EET" duration-ms="5684" status="PASS">
          <reporter-output>
          </reporter-output>
        </test-method> <!-- setup -->
        <test-method signature="shouldBeAbleToLoginWithEmailAndPassword()[pri:0, instance:com.qacart.todo.testcases.LoginTest@26a2f7f9]" started-at="2024-01-01T18:10:40 EET" name="shouldBeAbleToLoginWithEmailAndPassword" description="Test the login functionality using email and password" finished-at="2024-01-01T18:10:42 EET" duration-ms="2216" status="PASS">
          <reporter-output>
          </reporter-output>
        </test-method> <!-- shouldBeAbleToLoginWithEmailAndPassword -->
        <test-method is-config="true" signature="teardown(org.testng.ITestResult)[pri:0, instance:com.qacart.todo.testcases.LoginTest@26a2f7f9]" started-at="2024-01-01T18:10:42 EET" name="teardown" finished-at="2024-01-01T18:10:43 EET" duration-ms="301" status="PASS">
          <params>
            <param index="0">
              <value>
                <![CDATA[[TestResult name=shouldBeAbleToLoginWithEmailAndPassword status=SUCCESS method=LoginTest.shouldBeAbleToLoginWithEmailAndPassword()[pri:0, instance:com.qacart.todo.testcases.LoginTest@26a2f7f9] output={null}]]]>
              </value>
            </param>
          </params>
          <reporter-output>
          </reporter-output>
        </test-method> <!-- teardown -->
      </class> <!-- com.qacart.todo.testcases.LoginTest -->
      <class name="com.qacart.todo.testcases.ToDoTest">
        <test-method is-config="true" signature="setup()[pri:0, instance:com.qacart.todo.testcases.ToDoTest@38eb2c50]" started-at="2024-01-01T18:10:34 EET" name="setup" finished-at="2024-01-01T18:10:40 EET" duration-ms="5684" status="PASS">
          <reporter-output>
          </reporter-output>
        </test-method> <!-- setup -->
        <test-method signature="shouldBeAbleToAddNewTodo()[pri:0, instance:com.qacart.todo.testcases.ToDoTest@38eb2c50]" started-at="2024-01-01T18:10:40 EET" name="shouldBeAbleToAddNewTodo" description="Should be able to add a new todo correctly" finished-at="2024-01-01T18:10:43 EET" duration-ms="2752" status="PASS">
          <reporter-output>
          </reporter-output>
        </test-method> <!-- shouldBeAbleToAddNewTodo -->
        <test-method is-config="true" signature="teardown(org.testng.ITestResult)[pri:0, instance:com.qacart.todo.testcases.ToDoTest@38eb2c50]" started-at="2024-01-01T18:10:43 EET" name="teardown" finished-at="2024-01-01T18:10:43 EET" duration-ms="298" status="PASS">
          <params>
            <param index="0">
              <value>
                <![CDATA[[TestResult name=shouldBeAbleToAddNewTodo status=SUCCESS method=ToDoTest.shouldBeAbleToAddNewTodo()[pri:0, instance:com.qacart.todo.testcases.ToDoTest@38eb2c50] output={null}]]]>
              </value>
            </param>
          </params>
          <reporter-output>
          </reporter-output>
        </test-method> <!-- teardown -->
        <test-method is-config="true" signature="setup()[pri:0, instance:com.qacart.todo.testcases.ToDoTest@38eb2c50]" started-at="2024-01-01T18:10:43 EET" name="setup" finished-at="2024-01-01T18:10:46 EET" duration-ms="2466" status="PASS">
          <reporter-output>
          </reporter-output>
        </test-method> <!-- setup -->
        <test-method signature="shouldBeAbleToDeleteTodo()[pri:0, instance:com.qacart.todo.testcases.ToDoTest@38eb2c50]" started-at="2024-01-01T18:10:46 EET" name="shouldBeAbleToDeleteTodo" description="Should be able to a delete todo correctly" finished-at="2024-01-01T18:10:50 EET" duration-ms="4630" status="PASS">
          <reporter-output>
          </reporter-output>
        </test-method> <!-- shouldBeAbleToDeleteTodo -->
        <test-method is-config="true" signature="teardown(org.testng.ITestResult)[pri:0, instance:com.qacart.todo.testcases.ToDoTest@38eb2c50]" started-at="2024-01-01T18:10:50 EET" name="teardown" finished-at="2024-01-01T18:10:50 EET" duration-ms="254" status="PASS">
          <params>
            <param index="0">
              <value>
                <![CDATA[[TestResult name=shouldBeAbleToDeleteTodo status=SUCCESS method=ToDoTest.shouldBeAbleToDeleteTodo()[pri:0, instance:com.qacart.todo.testcases.ToDoTest@38eb2c50] output={null}]]]>
              </value>
            </param>
          </params>
          <reporter-output>
          </reporter-output>
        </test-method> <!-- teardown -->
      </class> <!-- com.qacart.todo.testcases.ToDoTest -->
    </test> <!-- Surefire test -->
  </suite> <!-- Surefire suite -->
</testng-results>
